#
# There is insufficient memory for the Java Runtime Environment to continue.
# Native memory allocation (malloc) failed to allocate 1048576 bytes for AllocateHeap
# Possible reasons:
#   The system is out of physical RAM or swap space
#   In 32 bit mode, the process size limit was hit
# Possible solutions:
#   Reduce memory load on the system
#   Increase physical memory or swap space
#   Check if swap backing store is full
#   Use 64 bit Java on a 64 bit OS
#   Decrease Java heap size (-Xmx/-Xms)
#   Decrease number of Java threads
#   Decrease Java thread stack sizes (-Xss)
#   Set larger code cache with -XX:ReservedCodeCacheSize=
# This output file may be truncated or incomplete.
#
#  Out of Memory Error (memory/allocation.inline.hpp:62), pid=7356, tid=9360
#
# JRE version:  (8.0_20-b26) (build )
# Java VM: Java HotSpot(TM) 64-Bit Server VM (25.20-b23 mixed mode windows-amd64 compressed oops)
# Failed to write core dump. Minidumps are not enabled by default on client versions of Windows
#

---------------  T H R E A D  ---------------

Current thread (0x0000000002561000):  JavaThread "Unknown thread" [_thread_in_vm, id=9360, stack(0x0000000002390000,0x0000000002490000)]

Stack: [0x0000000002390000,0x0000000002490000]
Native frames: (J=compiled Java code, j=interpreted, Vv=VM code, C=native code)
V  [jvm.dll+0x3152fa]
V  [jvm.dll+0x265d03]
V  [jvm.dll+0x266943]
V  [jvm.dll+0x25e265]
V  [jvm.dll+0x3ddc3f]
V  [jvm.dll+0x3de73f]
V  [jvm.dll+0x3de854]
V  [jvm.dll+0x3dea23]
V  [jvm.dll+0xe4472]
V  [jvm.dll+0x1f8a09]
V  [jvm.dll+0x229fc4]
V  [jvm.dll+0x14c6f1]
C  [java.exe+0x20b6]
C  [java.exe+0xc9bb]
C  [java.exe+0xca4f]
C  [KERNEL32.DLL+0x18102]
C  [ntdll.dll+0x5c5b4]


---------------  P R O C E S S  ---------------

Java Threads: ( => current thread )

Other Threads:

=>0x0000000002561000 (exited) JavaThread "Unknown thread" [_thread_in_vm, id=9360, stack(0x0000000002390000,0x0000000002490000)]

VM state:not at safepoint (normal execution)

VM Mutex/Monitor currently owned by a thread: None

Heap:
 PSYoungGen      total 38400K, used 665K [0x00000000eab00000, 0x00000000ed580000, 0x0000000100000000)
  eden space 33280K, 2% used [0x00000000eab00000,0x00000000eaba6670,0x00000000ecb80000)
  from space 5120K, 0% used [0x00000000ed080000,0x00000000ed080000,0x00000000ed580000)
  to   space 5120K, 0% used [0x00000000ecb80000,0x00000000ecb80000,0x00000000ed080000)
 ParOldGen       total 87552K, used 0K [0x00000000c0000000, 0x00000000c5580000, 0x00000000eab00000)
  object space 87552K, 0% used [0x00000000c0000000,0x00000000c0000000,0x00000000c5580000)
 Metaspace       used 674K, capacity 4480K, committed 4480K, reserved 1056768K
  class space    used 66K, capacity 384K, committed 384K, reserved 1048576K

Card table byte_map: [0x0000000011a20000,0x0000000011c30000] byte_map_base: 0x0000000011420000

Marking Bits: (ParMarkBitMap*) 0x00000000594fb460
 Begin Bits: [0x0000000012190000, 0x0000000013190000)
 End Bits:   [0x0000000013190000, 0x0000000014190000)

Polling page: 0x0000000000500000

CodeCache: size=245760Kb used=327Kb max_used=327Kb free=245432Kb
 bounds [0x0000000002660000, 0x00000000028d0000, 0x0000000011660000]
 total_blobs=56 nmethods=0 adapters=37
 compilation: enabled

Compilation events (0 events):
No events

GC Heap History (0 events):
No events

Deoptimization events (0 events):
No events

Internal exceptions (0 events):
No events

Events (10 events):
Event: 0.039 loading class java/lang/Short
Event: 0.039 loading class java/lang/Short done
Event: 0.039 loading class java/lang/Integer
Event: 0.047 loading class java/lang/Integer done
Event: 0.047 loading class java/lang/Long
Event: 0.047 loading class java/lang/Long done
Event: 0.048 loading class java/lang/NullPointerException
Event: 0.048 loading class java/lang/NullPointerException done
Event: 0.048 loading class java/lang/ArithmeticException
Event: 0.048 loading class java/lang/ArithmeticException done


Dynamic libraries:
0x00007ff6ced90000 - 0x00007ff6cedc4000 	C:\Program Files\Java\jdk1.8.0_20\bin\java.exe
0x00007ffa779c0000 - 0x00007ffa77b81000 	C:\WINDOWS\SYSTEM32\ntdll.dll
0x00007ffa75be0000 - 0x00007ffa75c8d000 	C:\WINDOWS\system32\KERNEL32.DLL
0x00007ffa748a0000 - 0x00007ffa74a88000 	C:\WINDOWS\system32\KERNELBASE.dll
0x00007ffa75280000 - 0x00007ffa75327000 	C:\WINDOWS\system32\ADVAPI32.dll
0x00007ffa75490000 - 0x00007ffa7552d000 	C:\WINDOWS\system32\msvcrt.dll
0x00007ffa760e0000 - 0x00007ffa7613b000 	C:\WINDOWS\system32\sechost.dll
0x00007ffa75fc0000 - 0x00007ffa760dc000 	C:\WINDOWS\system32\RPCRT4.dll
0x00007ffa75330000 - 0x00007ffa75486000 	C:\WINDOWS\system32\USER32.dll
0x00007ffa75cd0000 - 0x00007ffa75e56000 	C:\WINDOWS\system32\GDI32.dll
0x00007ffa70050000 - 0x00007ffa702c4000 	C:\WINDOWS\WinSxS\amd64_microsoft.windows.common-controls_6595b64144ccf1df_6.0.10586.0_none_8c15ae12515e1c22\COMCTL32.dll
0x00007ffa74dc0000 - 0x00007ffa7503d000 	C:\WINDOWS\system32\combase.dll
0x00007ffa741e0000 - 0x00007ffa7424a000 	C:\WINDOWS\system32\bcryptPrimitives.dll
0x00007ffa75c90000 - 0x00007ffa75ccb000 	C:\WINDOWS\system32\IMM32.DLL
0x00007ffa73ed0000 - 0x00007ffa73f01000 	C:\Windows\system32\nvinitx.dll
0x00007ffa73ec0000 - 0x00007ffa73eca000 	C:\WINDOWS\SYSTEM32\VERSION.dll
0x000000005ad50000 - 0x000000005ad56000 	C:\Program Files\NVIDIA Corporation\CoProcManager\_etoured.dll
0x00007ffa71780000 - 0x00007ffa717b3000 	C:\Program Files\NVIDIA Corporation\CoProcManager\nvd3d9wrapx.dll
0x00007ffa75530000 - 0x00007ffa75959000 	C:\WINDOWS\system32\SETUPAPI.dll
0x00007ffa74c60000 - 0x00007ffa74ca3000 	C:\WINDOWS\system32\CFGMGR32.dll
0x00007ffa71750000 - 0x00007ffa71772000 	C:\Program Files\NVIDIA Corporation\CoProcManager\nvdxgiwrapx.dll
0x0000000058a30000 - 0x0000000058b02000 	C:\Program Files\Java\jdk1.8.0_20\jre\bin\msvcr100.dll
0x0000000058d20000 - 0x0000000059578000 	C:\Program Files\Java\jdk1.8.0_20\jre\bin\server\jvm.dll
0x00007ffa77900000 - 0x00007ffa77908000 	C:\WINDOWS\system32\PSAPI.DLL
0x00007ffa72150000 - 0x00007ffa72159000 	C:\WINDOWS\SYSTEM32\WSOCK32.dll
0x00007ffa77890000 - 0x00007ffa778fb000 	C:\WINDOWS\system32\WS2_32.dll
0x00007ffa72250000 - 0x00007ffa72273000 	C:\WINDOWS\SYSTEM32\WINMM.dll
0x00007ffa721f0000 - 0x00007ffa7221c000 	C:\WINDOWS\SYSTEM32\WINMMBASE.dll
0x0000000059bd0000 - 0x0000000059bdf000 	C:\Program Files\Java\jdk1.8.0_20\jre\bin\verify.dll
0x0000000059ba0000 - 0x0000000059bc8000 	C:\Program Files\Java\jdk1.8.0_20\jre\bin\java.dll
0x0000000059b80000 - 0x0000000059b96000 	C:\Program Files\Java\jdk1.8.0_20\jre\bin\zip.dll
0x00007ffa59ca0000 - 0x00007ffa59e2c000 	C:\WINDOWS\SYSTEM32\dbghelp.dll

VM Arguments:
jvm_args: -Djava.awt.headless=true -Xmx1024M -Dfile.encoding=GBK -Duser.country=CN -Duser.language=zh -Duser.variant 
java_command: com.android.dx.command.Main --dex --force-jumbo --num-threads=4 --multi-dex --output D:\MyAndroidProject\DataStorageDemo\app\build\intermediates\transforms\dex\debug\folders\1000\10\instant-run-bootstrap_4d94c07df94e67a7e1017b9259b0bc7955d32cd3 D:\MyAndroidProject\DataStorageDemo\app\build\intermediates\incremental-classes\debug\instant-run-bootstrap.jar
java_class_path (initial): F:\Users\Administrator\AppData\Local\Android\sdk\build-tools\23.0.2\lib\dx.jar
Launcher Type: SUN_STANDARD

Environment Variables:
JAVA_HOME=C:\Program Files\Java\jdk1.8.0_20
CLASSPATH=.;C:\Program Files\Java\jdk1.8.0_20\lib\dt.jar;C:\Program Files\Java\jdk1.8.0_20\lib\tools.jar
PATH=C:\ProgramData\Oracle\Java\javapath;C:\WINDOWS\system32;C:\WINDOWS;C:\WINDOWS\System32\Wbem;C:\WINDOWS\System32\WindowsPowerShell\v1.0\;C:\Program Files\Java\jdk1.8.0_20\bin;C:\Program Files\Java\jdk1.8.0_20\jre\bin;D:\android-studio\gradle\gradle-2.10\bin;C:\Program Files (x86)\NVIDIA Corporation\PhysX\Common;C:\Program Files\Git\cmd
USERNAME=Administrator
OS=Windows_NT
PROCESSOR_IDENTIFIER=Intel64 Family 6 Model 58 Stepping 9, GenuineIntel



---------------  S Y S T E M  ---------------

OS: Windows 8.1 , 64 bit Build 9600 

CPU:total 4 (2 cores per cpu, 2 threads per core) family 6 model 58 stepping 9, cmov, cx8, fxsr, mmx, sse, sse2, sse3, ssse3, sse4.1, sse4.2, popcnt, avx, aes, clmul, erms, ht, tsc, tscinvbit, tscinv

Memory: 4k page, physical 8271552k(2171948k free), swap 10114752k(8708k free)

vm_info: Java HotSpot(TM) 64-Bit Server VM (25.20-b23) for windows-amd64 JRE (1.8.0_20-b26), built on Jul 30 2014 13:51:23 by "java_re" with MS VC++ 10.0 (VS2010)

time: Mon May 23 21:34:33 2016
elapsed time: 0 seconds (0d 0h 0m 0s)

