#
# There is insufficient memory for the Java Runtime Environment to continue.
# Native memory allocation (malloc) failed to allocate 32744 bytes for ChunkPool::allocate
# Possible reasons:
#   The system is out of physical RAM or swap space
#   In 32 bit mode, the process size limit was hit
# Possible solutions:
#   Reduce memory load on the system
#   Increase physical memory or swap space
#   Check if swap backing store is full
#   Use 64 bit Java on a 64 bit OS
#   Decrease Java heap size (-Xmx/-Xms)
#   Decrease number of Java threads
#   Decrease Java thread stack sizes (-Xss)
#   Set larger code cache with -XX:ReservedCodeCacheSize=
# This output file may be truncated or incomplete.
#
#  Out of Memory Error (allocation.cpp:273), pid=8396, tid=2188
#
# JRE version: Java(TM) SE Runtime Environment (8.0_20-b26) (build 1.8.0_20-b26)
# Java VM: Java HotSpot(TM) 64-Bit Server VM (25.20-b23 mixed mode windows-amd64 compressed oops)
# Failed to write core dump. Minidumps are not enabled by default on client versions of Windows
#

---------------  T H R E A D  ---------------

Current thread (0x00000000169af800):  JavaThread "C1 CompilerThread2" daemon [_thread_in_native, id=2188, stack(0x0000000016e60000,0x0000000016f60000)]

Stack: [0x0000000016e60000,0x0000000016f60000]
Native frames: (J=compiled Java code, j=interpreted, Vv=VM code, C=native code)
V  [jvm.dll+0x3152fa]


Current CompileTask:
C1:    467  135   !   3       com.android.dx.cf.cst.ConstantPoolParser::parse0 (731 bytes)


---------------  P R O C E S S  ---------------

Java Threads: ( => current thread )
  0x00000000169b8000 JavaThread "Service Thread" daemon [_thread_blocked, id=1208, stack(0x0000000016f60000,0x0000000017060000)]
=>0x00000000169af800 JavaThread "C1 CompilerThread2" daemon [_thread_in_native, id=2188, stack(0x0000000016e60000,0x0000000016f60000)]
  0x0000000014d0d000 JavaThread "C2 CompilerThread1" daemon [_thread_blocked, id=3912, stack(0x0000000016d60000,0x0000000016e60000)]
  0x0000000014d0b000 JavaThread "C2 CompilerThread0" daemon [_thread_blocked, id=9248, stack(0x0000000016860000,0x0000000016960000)]
  0x0000000014cbd800 JavaThread "Attach Listener" daemon [_thread_blocked, id=5360, stack(0x0000000016760000,0x0000000016860000)]
  0x0000000014cbc800 JavaThread "Signal Dispatcher" daemon [_thread_blocked, id=2404, stack(0x0000000016660000,0x0000000016760000)]
  0x00000000025d0800 JavaThread "Finalizer" daemon [_thread_blocked, id=2108, stack(0x0000000015f10000,0x0000000016010000)]
  0x00000000025cd000 JavaThread "Reference Handler" daemon [_thread_blocked, id=10504, stack(0x0000000015e10000,0x0000000015f10000)]
  0x00000000024e0800 JavaThread "main" [_thread_in_vm, id=8424, stack(0x00000000023e0000,0x00000000024e0000)]

Other Threads:
  0x0000000014c76800 VMThread [stack: 0x0000000015d10000,0x0000000015e10000] [id=9160]
  0x00000000169bb000 WatcherThread [stack: 0x0000000017060000,0x0000000017160000] [id=4176]

VM state:not at safepoint (normal execution)

VM Mutex/Monitor currently owned by a thread: None

Heap:
 PSYoungGen      total 38400K, used 4012K [0x00000000eab00000, 0x00000000ed580000, 0x0000000100000000)
  eden space 33280K, 12% used [0x00000000eab00000,0x00000000eaeeb128,0x00000000ecb80000)
  from space 5120K, 0% used [0x00000000ed080000,0x00000000ed080000,0x00000000ed580000)
  to   space 5120K, 0% used [0x00000000ecb80000,0x00000000ecb80000,0x00000000ed080000)
 ParOldGen       total 87552K, used 0K [0x00000000c0000000, 0x00000000c5580000, 0x00000000eab00000)
  object space 87552K, 0% used [0x00000000c0000000,0x00000000c0000000,0x00000000c5580000)
 Metaspace       used 3674K, capacity 4944K, committed 5120K, reserved 1056768K
  class space    used 406K, capacity 456K, committed 512K, reserved 1048576K

Card table byte_map: [0x00000000119a0000,0x0000000011bb0000] byte_map_base: 0x00000000113a0000

Marking Bits: (ParMarkBitMap*) 0x00000000594fb460
 Begin Bits: [0x0000000012110000, 0x0000000013110000)
 End Bits:   [0x0000000013110000, 0x0000000014110000)

Polling page: 0x00000000001f0000

CodeCache: size=245760Kb used=1319Kb max_used=1331Kb free=244440Kb
 bounds [0x00000000025e0000, 0x0000000002850000, 0x00000000115e0000]
 total_blobs=386 nmethods=137 adapters=163
 compilation: enabled

Compilation events (10 events):
Event: 0.457 Thread 0x00000000169af800 nmethod 133 0x0000000002727790 code [0x0000000002727900, 0x0000000002727b48]
Event: 0.457 Thread 0x00000000169af800  134   !   3       com.android.dx.rop.cst.StdConstantPool::getOrNull (13 bytes)
Event: 0.457 Thread 0x0000000014d0b000  136       4       java.lang.String::indexOf (70 bytes)
Event: 0.457 Thread 0x00000000169af800 nmethod 134 0x0000000002726750 code [0x0000000002726940, 0x0000000002727208]
Event: 0.457 Thread 0x00000000169af800  135   !   3       com.android.dx.cf.cst.ConstantPoolParser::parse0 (731 bytes)
Event: 0.459 Thread 0x0000000014d0d000  139       4       com.android.dx.util.ByteArray::checkOffsets (66 bytes)
Event: 0.459 Thread 0x0000000014d0d000 nmethod 139 0x000000000272c490 code [0x000000000272c5c0, 0x000000000272c658]
Event: 0.460 Thread 0x0000000014d0b000 nmethod 136 0x000000000272ab90 code [0x000000000272ace0, 0x000000000272ae88]
Event: 0.461 Thread 0x0000000014d0d000  141       4       com.android.dx.util.ByteArray::getUnsignedByte (14 bytes)
Event: 0.462 Thread 0x0000000014d0d000 nmethod 141 0x000000000272a890 code [0x000000000272a9c0, 0x000000000272aa98]

GC Heap History (0 events):
No events

Deoptimization events (0 events):
No events

Internal exceptions (10 events):
Event: 0.391 Thread 0x00000000024e0800 Exception <a 'java/security/PrivilegedActionException'> (0x00000000eae89838) thrown at [D:\re\workspace\8-2-build-windows-amd64-cygwin\jdk8u20\1074\hotspot\src\share\vm\prims\jvm.cpp, line 1275]
Event: 0.392 Thread 0x00000000024e0800 Exception <a 'java/security/PrivilegedActionException'> (0x00000000eae8d070) thrown at [D:\re\workspace\8-2-build-windows-amd64-cygwin\jdk8u20\1074\hotspot\src\share\vm\prims\jvm.cpp, line 1275]
Event: 0.392 Thread 0x00000000024e0800 Exception <a 'java/security/PrivilegedActionException'> (0x00000000eae8fac0) thrown at [D:\re\workspace\8-2-build-windows-amd64-cygwin\jdk8u20\1074\hotspot\src\share\vm\prims\jvm.cpp, line 1275]
Event: 0.393 Thread 0x00000000024e0800 Exception <a 'java/security/PrivilegedActionException'> (0x00000000eae93120) thrown at [D:\re\workspace\8-2-build-windows-amd64-cygwin\jdk8u20\1074\hotspot\src\share\vm\prims\jvm.cpp, line 1275]
Event: 0.393 Thread 0x00000000024e0800 Exception <a 'java/security/PrivilegedActionException'> (0x00000000eae96678) thrown at [D:\re\workspace\8-2-build-windows-amd64-cygwin\jdk8u20\1074\hotspot\src\share\vm\prims\jvm.cpp, line 1275]
Event: 0.394 Thread 0x00000000024e0800 Exception <a 'java/security/PrivilegedActionException'> (0x00000000eae99250) thrown at [D:\re\workspace\8-2-build-windows-amd64-cygwin\jdk8u20\1074\hotspot\src\share\vm\prims\jvm.cpp, line 1275]
Event: 0.396 Thread 0x00000000024e0800 Exception <a 'java/security/PrivilegedActionException'> (0x00000000eae9cec0) thrown at [D:\re\workspace\8-2-build-windows-amd64-cygwin\jdk8u20\1074\hotspot\src\share\vm\prims\jvm.cpp, line 1275]
Event: 0.447 Thread 0x00000000024e0800 Exception <a 'java/security/PrivilegedActionException'> (0x00000000eaea9870) thrown at [D:\re\workspace\8-2-build-windows-amd64-cygwin\jdk8u20\1074\hotspot\src\share\vm\prims\jvm.cpp, line 1275]
Event: 0.451 Thread 0x00000000024e0800 Exception <a 'java/security/PrivilegedActionException'> (0x00000000eaeaff50) thrown at [D:\re\workspace\8-2-build-windows-amd64-cygwin\jdk8u20\1074\hotspot\src\share\vm\prims\jvm.cpp, line 1275]
Event: 0.452 Thread 0x00000000024e0800 Exception <a 'java/security/PrivilegedActionException'> (0x00000000eaeb61a0) thrown at [D:\re\workspace\8-2-build-windows-amd64-cygwin\jdk8u20\1074\hotspot\src\share\vm\prims\jvm.cpp, line 1275]

Events (10 events):
Event: 0.447 loading class com/android/dx/rop/type/Prototype
Event: 0.447 loading class com/android/dx/rop/type/Prototype done
Event: 0.451 loading class com/android/dx/rop/type/StdTypeList
Event: 0.451 loading class com/android/dx/rop/type/StdTypeList done
Event: 0.452 loading class com/android/dx/util/FixedSizeList
Event: 0.452 loading class com/android/dx/util/FixedSizeList done
Event: 0.452 loading class java/lang/NegativeArraySizeException
Event: 0.453 loading class java/lang/NegativeArraySizeException done
Event: 0.453 loading class java/lang/ArrayIndexOutOfBoundsException
Event: 0.453 loading class java/lang/ArrayIndexOutOfBoundsException done


Dynamic libraries:
0x00007ff6ced90000 - 0x00007ff6cedc4000 	C:\Program Files\Java\jdk1.8.0_20\bin\java.exe
0x00007ffa779c0000 - 0x00007ffa77b81000 	C:\WINDOWS\SYSTEM32\ntdll.dll
0x00007ffa75be0000 - 0x00007ffa75c8d000 	C:\WINDOWS\system32\KERNEL32.DLL
0x00007ffa748a0000 - 0x00007ffa74a88000 	C:\WINDOWS\system32\KERNELBASE.dll
0x00007ffa75280000 - 0x00007ffa75327000 	C:\WINDOWS\system32\ADVAPI32.dll
0x00007ffa75490000 - 0x00007ffa7552d000 	C:\WINDOWS\system32\msvcrt.dll
0x00007ffa760e0000 - 0x00007ffa7613b000 	C:\WINDOWS\system32\sechost.dll
0x00007ffa75fc0000 - 0x00007ffa760dc000 	C:\WINDOWS\system32\RPCRT4.dll
0x00007ffa75330000 - 0x00007ffa75486000 	C:\WINDOWS\system32\USER32.dll
0x00007ffa75cd0000 - 0x00007ffa75e56000 	C:\WINDOWS\system32\GDI32.dll
0x00007ffa70050000 - 0x00007ffa702c4000 	C:\WINDOWS\WinSxS\amd64_microsoft.windows.common-controls_6595b64144ccf1df_6.0.10586.0_none_8c15ae12515e1c22\COMCTL32.dll
0x00007ffa74dc0000 - 0x00007ffa7503d000 	C:\WINDOWS\system32\combase.dll
0x00007ffa741e0000 - 0x00007ffa7424a000 	C:\WINDOWS\system32\bcryptPrimitives.dll
0x00007ffa75c90000 - 0x00007ffa75ccb000 	C:\WINDOWS\system32\IMM32.DLL
0x00007ffa73ed0000 - 0x00007ffa73f01000 	C:\Windows\system32\nvinitx.dll
0x00007ffa73ec0000 - 0x00007ffa73eca000 	C:\WINDOWS\SYSTEM32\VERSION.dll
0x000000005ad50000 - 0x000000005ad56000 	C:\Program Files\NVIDIA Corporation\CoProcManager\_etoured.dll
0x00007ffa71780000 - 0x00007ffa717b3000 	C:\Program Files\NVIDIA Corporation\CoProcManager\nvd3d9wrapx.dll
0x00007ffa75530000 - 0x00007ffa75959000 	C:\WINDOWS\system32\SETUPAPI.dll
0x00007ffa74c60000 - 0x00007ffa74ca3000 	C:\WINDOWS\system32\CFGMGR32.dll
0x00007ffa71750000 - 0x00007ffa71772000 	C:\Program Files\NVIDIA Corporation\CoProcManager\nvdxgiwrapx.dll
0x0000000058a30000 - 0x0000000058b02000 	C:\Program Files\Java\jdk1.8.0_20\jre\bin\msvcr100.dll
0x0000000058d20000 - 0x0000000059578000 	C:\Program Files\Java\jdk1.8.0_20\jre\bin\server\jvm.dll
0x00007ffa77900000 - 0x00007ffa77908000 	C:\WINDOWS\system32\PSAPI.DLL
0x00007ffa72150000 - 0x00007ffa72159000 	C:\WINDOWS\SYSTEM32\WSOCK32.dll
0x00007ffa77890000 - 0x00007ffa778fb000 	C:\WINDOWS\system32\WS2_32.dll
0x00007ffa72250000 - 0x00007ffa72273000 	C:\WINDOWS\SYSTEM32\WINMM.dll
0x00007ffa721f0000 - 0x00007ffa7221c000 	C:\WINDOWS\SYSTEM32\winmmbase.dll
0x0000000059bd0000 - 0x0000000059bdf000 	C:\Program Files\Java\jdk1.8.0_20\jre\bin\verify.dll
0x0000000059ba0000 - 0x0000000059bc8000 	C:\Program Files\Java\jdk1.8.0_20\jre\bin\java.dll
0x0000000059b80000 - 0x0000000059b96000 	C:\Program Files\Java\jdk1.8.0_20\jre\bin\zip.dll
0x00007ffa76330000 - 0x00007ffa7788c000 	C:\WINDOWS\system32\SHELL32.dll
0x0000000016010000 - 0x0000000016654000 	C:\WINDOWS\system32\windows.storage.dll
0x00007ffa75070000 - 0x00007ffa750c2000 	C:\WINDOWS\system32\shlwapi.dll
0x00007ffa74060000 - 0x00007ffa7406f000 	C:\WINDOWS\system32\kernel.appcore.dll
0x00007ffa74070000 - 0x00007ffa74125000 	C:\WINDOWS\system32\shcore.dll
0x00007ffa73fe0000 - 0x00007ffa7402b000 	C:\WINDOWS\system32\powrprof.dll
0x00007ffa74030000 - 0x00007ffa74044000 	C:\WINDOWS\system32\profapi.dll

VM Arguments:
jvm_args: -Djava.awt.headless=true -Xmx1024M -Dfile.encoding=GBK -Duser.country=CN -Duser.language=zh -Duser.variant 
java_command: com.android.dx.command.Main --dex --force-jumbo --num-threads=4 --multi-dex --output D:\MyAndroidProject\DataStorageDemo\app\build\intermediates\transforms\dex\debug\folders\1000\10\com.android.support-animated-vector-drawable-23.3.0_0e8c1b772e5a39edb17c40c77ba6616726fdf767 D:\MyAndroidProject\DataStorageDemo\app\build\intermediates\exploded-aar\com.android.support\animated-vector-drawable\23.3.0\jars\classes.jar
java_class_path (initial): F:\Users\Administrator\AppData\Local\Android\sdk\build-tools\23.0.2\lib\dx.jar
Launcher Type: SUN_STANDARD

Environment Variables:
JAVA_HOME=C:\Program Files\Java\jdk1.8.0_20
CLASSPATH=.;C:\Program Files\Java\jdk1.8.0_20\lib\dt.jar;C:\Program Files\Java\jdk1.8.0_20\lib\tools.jar
PATH=C:\ProgramData\Oracle\Java\javapath;C:\WINDOWS\system32;C:\WINDOWS;C:\WINDOWS\System32\Wbem;C:\WINDOWS\System32\WindowsPowerShell\v1.0\;C:\Program Files\Java\jdk1.8.0_20\bin;C:\Program Files\Java\jdk1.8.0_20\jre\bin;D:\android-studio\gradle\gradle-2.10\bin;C:\Program Files (x86)\NVIDIA Corporation\PhysX\Common;C:\Program Files\Git\cmd;F:\Users\Administrator\AppData\Local\Android\sdk\platform-tools
USERNAME=Administrator
OS=Windows_NT
PROCESSOR_IDENTIFIER=Intel64 Family 6 Model 58 Stepping 9, GenuineIntel



---------------  S Y S T E M  ---------------

OS: Windows 8.1 , 64 bit Build 9600 

CPU:total 4 (2 cores per cpu, 2 threads per core) family 6 model 58 stepping 9, cmov, cx8, fxsr, mmx, sse, sse2, sse3, ssse3, sse4.1, sse4.2, popcnt, avx, aes, clmul, erms, ht, tsc, tscinvbit, tscinv

Memory: 4k page, physical 8271552k(2584628k free), swap 10114752k(2160k free)

vm_info: Java HotSpot(TM) 64-Bit Server VM (25.20-b23) for windows-amd64 JRE (1.8.0_20-b26), built on Jul 30 2014 13:51:23 by "java_re" with MS VC++ 10.0 (VS2010)

time: Mon May 23 21:40:11 2016
elapsed time: 0 seconds (0d 0h 0m 0s)

